This is pdfTeX, Version 3.1415926-2.5-1.40.14 (TeX Live 2013/TeX Live for SUSE Linux) (format=pdflatex 2016.10.31)  8 MAY 2017 12:13
entering extended mode
 restricted \write18 enabled.
 %&-line parsing enabled.
**macrosTFGAngles.tex
(./macrosTFGAngles.tex
LaTeX2e <2011/06/27>
Babel <3.9f> and hyphenation patterns for 78 languages loaded.
(/usr/share/texmf/tex/latex/base/book.cls
Document Class: book 2007/10/19 v1.4h Standard LaTeX document class
(/usr/share/texmf/tex/latex/base/bk10.clo
File: bk10.clo 2007/10/19 v1.4h Standard LaTeX file (size option)
)
\c@part=\count79
\c@chapter=\count80
\c@section=\count81
\c@subsection=\count82
\c@subsubsection=\count83
\c@paragraph=\count84
\c@subparagraph=\count85
\c@figure=\count86
\c@table=\count87
\abovecaptionskip=\skip41
\belowcaptionskip=\skip42
\bibindent=\dimen102
)
(/usr/share/texmf/tex/latex/amsmath/amsmath.sty
Package: amsmath 2013/01/14 v2.14 AMS math features
\@mathmargin=\skip43

For additional information on amsmath, use the `?' option.
(/usr/share/texmf/tex/latex/amsmath/amstext.sty
Package: amstext 2000/06/29 v2.01

(/usr/share/texmf/tex/latex/amsmath/amsgen.sty
File: amsgen.sty 1999/11/30 v2.0
\@emptytoks=\toks14
\ex@=\dimen103
))
(/usr/share/texmf/tex/latex/amsmath/amsbsy.sty
Package: amsbsy 1999/11/29 v1.2d
\pmbraise@=\dimen104
)
(/usr/share/texmf/tex/latex/amsmath/amsopn.sty
Package: amsopn 1999/12/14 v2.01 operator names
)
\inf@bad=\count88
LaTeX Info: Redefining \frac on input line 210.
\uproot@=\count89
\leftroot@=\count90
LaTeX Info: Redefining \overline on input line 306.
\classnum@=\count91
\DOTSCASE@=\count92
LaTeX Info: Redefining \ldots on input line 378.
LaTeX Info: Redefining \dots on input line 381.
LaTeX Info: Redefining \cdots on input line 466.
\Mathstrutbox@=\box26
\strutbox@=\box27
\big@size=\dimen105
LaTeX Font Info:    Redeclaring font encoding OML on input line 566.
LaTeX Font Info:    Redeclaring font encoding OMS on input line 567.
\macc@depth=\count93
\c@MaxMatrixCols=\count94
\dotsspace@=\muskip10
\c@parentequation=\count95
\dspbrk@lvl=\count96
\tag@help=\toks15
\row@=\count97
\column@=\count98
\maxfields@=\count99
\andhelp@=\toks16
\eqnshift@=\dimen106
\alignsep@=\dimen107
\tagshift@=\dimen108
\tagwidth@=\dimen109
\totwidth@=\dimen110
\lineht@=\dimen111
\@envbody=\toks17
\multlinegap=\skip44
\multlinetaggap=\skip45
\mathdisplay@stack=\toks18
LaTeX Info: Redefining \[ on input line 2665.
LaTeX Info: Redefining \] on input line 2666.
)
(/usr/share/texmf/tex/latex/amsmath/amscd.sty
Package: amscd 1999/11/29 v2.0
\athelp@=\toks19
\minaw@=\dimen112
\bigaw@=\dimen113
\minCDarrowwidth=\dimen114
)
(/usr/share/texmf/tex/latex/amscls/amsthm.sty
Package: amsthm 2004/08/06 v2.20
\thm@style=\toks20
\thm@bodyfont=\toks21
\thm@headfont=\toks22
\thm@notefont=\toks23
\thm@headpunct=\toks24
\thm@preskip=\skip46
\thm@postskip=\skip47
\thm@headsep=\skip48
\dth@everypar=\toks25
)
(/usr/share/texmf/tex/latex/amsfonts/amssymb.sty
Package: amssymb 2013/01/14 v3.01 AMS font symbols

(/usr/share/texmf/tex/latex/amsfonts/amsfonts.sty
Package: amsfonts 2013/01/14 v3.01 Basic AMSFonts support
\symAMSa=\mathgroup4
\symAMSb=\mathgroup5
LaTeX Font Info:    Overwriting math alphabet `\mathfrak' in version `bold'
(Font)                  U/euf/m/n --> U/euf/b/n on input line 106.
))
(/usr/share/texmf/tex/latex/tools/enumerate.sty
Package: enumerate 1999/03/05 v3.00 enumerate extensions (DPC)
\@enLab=\toks26
)
(/usr/share/texmf/tex/generic/xypic/xypic.sty
(/usr/share/texmf/tex/generic/xypic/xy.sty
(/usr/share/texmf/tex/generic/xypic/xy.tex Bootstrap'ing: catcodes, docmode,
(/usr/share/texmf/tex/generic/xypic/xyrecat.tex)
(/usr/share/texmf/tex/generic/xypic/xyidioms.tex)

 Xy-pic version 3.8.8 <2012/05/24>
 Copyright (c) 1991-2011 by Kristoffer H. Rose <krisrose@tug.org>
 Xy-pic is free software: see the User's Guide for details.

Loading kernel: messages; fonts; allocations: state,
\X@c=\dimen115
\Y@c=\dimen116
\U@c=\dimen117
\D@c=\dimen118
\L@c=\dimen119
\R@c=\dimen120
\Edge@c=\toks27
\X@p=\dimen121
\Y@p=\dimen122
\U@p=\dimen123
\D@p=\dimen124
\L@p=\dimen125
\R@p=\dimen126
\Edge@p=\toks28
\X@origin=\dimen127
\Y@origin=\dimen128
\X@xbase=\dimen129
\Y@xbase=\dimen130
\X@ybase=\dimen131
\Y@ybase=\dimen132
\X@min=\dimen133
\Y@min=\dimen134
\X@max=\dimen135
\Y@max=\dimen136
\lastobjectbox@=\box28
\zerodotbox@=\box29
\almostz@=\dimen137
 direction,
\d@X=\dimen138
\d@Y=\dimen139
\K@=\count100
\KK@=\count101
\Direction=\count102
\K@dXdY=\dimen140
\K@dYdX=\dimen141
\xyread@=\read1
\xywrite@=\write3
\csp@=\count103
\quotPTK@=\dimen142

utility macros; pictures: \xy, positions,
\swaptoks@@=\toks29
\connectobjectbox@@=\box30
 objects,
\styletoks@=\toks30
 decorations;
kernel objects: directionals, circles, text; options; algorithms: directions,
edges, connections;  Xy-pic loaded)
(/usr/share/texmf/tex/generic/oberdiek/ifpdf.sty
Package: ifpdf 2011/01/30 v2.3 Provides the ifpdf switch (HO)
Package ifpdf Info: pdfTeX in PDF mode is detected.
)

LaTeX Warning: You have requested package `xypic',
               but the package provides `xy'.

Package: xy 2012/05/24 Xy-pic version 3.8.8
(/usr/share/texmf/tex/generic/xypic/xypdf.tex  Xy-pic option: PDF driver v.1.7
loaded)) (/usr/share/texmf/tex/generic/xypic/xyv2.tex
 Xy-pic option: Version 2 Compatibility v.3.8

Xy-pic Warning: `\stop' redefined.

(/usr/share/texmf/tex/generic/xypic/xyframe.tex
 Xy-pic option: Frame and Bracket extension v.3.14 loaded)
Xy-pic pdf driver: `frame' extension support
(/usr/share/texmf/tex/generic/xypic/xypdf-fr.tex
(/usr/share/texmf/tex/generic/xypic/xycurve.tex
 Xy-pic option: Curve and Spline extension v.3.12 curve,
\crv@cnt@=\count104
\crvpts@=\toks31
\splinebox@=\box31
\splineval@=\dimen143
\splinedepth@=\dimen144
\splinetol@=\dimen145
\splinelength@=\dimen146
 circles,
\L@=\dimen147
 loaded)
Xy-pic pdf driver: `curve' extension support
(/usr/share/texmf/tex/generic/xypic/xypdf-cu.tex loaded) loaded)
(/usr/share/texmf/tex/generic/xypic/xymatrix.tex
 Xy-pic option: Matrix feature v.3.14
\Row=\count105
\Col=\count106
\queue@=\toks32
\queue@@=\toks33
\qcount@=\count107
\qcount@@=\count108
\matrixsize@=\count109
 loaded)
(/usr/share/texmf/tex/generic/xypic/xyarrow.tex
 Xy-pic option: Arrow and Path feature v.3.9 path, \ar, loaded) loaded))
(/usr/share/texmf/tex/latex/tools/multicol.sty
Package: multicol 2011/06/27 v1.7a multicolumn formatting (FMi)
\c@tracingmulticols=\count110
\mult@box=\box32
\multicol@leftmargin=\dimen148
\c@unbalance=\count111
\c@collectmore=\count112
\doublecol@number=\count113
\multicoltolerance=\count114
\multicolpretolerance=\count115
\full@width=\dimen149
\page@free=\dimen150
\premulticols=\dimen151
\postmulticols=\dimen152
\multicolsep=\skip49
\multicolbaselineskip=\skip50
\partial@page=\box33
\last@line=\box34
\mult@rightbox=\box35
\mult@grightbox=\box36
\mult@gfirstbox=\box37
\mult@firstbox=\box38
\@tempa=\box39
\@tempa=\box40
\@tempa=\box41
\@tempa=\box42
\@tempa=\box43
\@tempa=\box44
\@tempa=\box45
\@tempa=\box46
\@tempa=\box47
\@tempa=\box48
\@tempa=\box49
\@tempa=\box50
\@tempa=\box51
\@tempa=\box52
\@tempa=\box53
\@tempa=\box54
\@tempa=\box55
\c@columnbadness=\count116
\c@finalcolumnbadness=\count117
\last@try=\dimen153
\multicolovershoot=\dimen154
\multicolundershoot=\dimen155
\mult@nat@firstbox=\box56
\colbreak@box=\box57
\multicol@sort@counter=\count118
)
(/usr/share/texmf/tex/generic/babel/babel.sty
Package: babel 2013/05/16 v3.9f The Babel package

(/usr/share/texmf/tex/generic/babel-english/english.ldf
Language: english 2012/08/20 v3.3p English support from the babel system

(/usr/share/texmf/tex/generic/babel/babel.def
File: babel.def 2013/05/16 v3.9f Babel common definitions
\babel@savecnt=\count119
\U@D=\dimen156
)
\l@canadian = a dialect from \language\l@american 
\l@australian = a dialect from \language\l@british 
\l@newzealand = a dialect from \language\l@british 
)
(/usr/share/texmf/tex/generic/babel-catalan/catalan.ldf
Language: catalan 2005/03/29 v2.2p Catalan support from the babel system
Package babel Info: Making " an active character on input line 91.
Warning: You are using encoding OT1 instead of T1.
Some word breaks will not be found.
\leftllkern=\dimen157
\rightllkern=\dimen158
\raiselldim=\dimen159
))
(/usr/share/texmf/tex/generic/xypic/xy.sty
(/usr/share/texmf/tex/generic/xypic/xy.tex not reloaded)
Package: xy 2012/05/24 Xy-pic version 3.8.8

(/usr/share/texmf/tex/generic/xypic/xyall.tex
 Xy-pic option: All features v.3.8
(/usr/share/texmf/tex/generic/xypic/xycmtip.tex
 Xy-pic option: Computer Modern tip extension v.3.7
(/usr/share/texmf/tex/generic/xypic/xytips.tex
 Xy-pic option: More Tips extension v.3.9 loaded) loaded)
(/usr/share/texmf/tex/generic/xypic/xyline.tex
 Xy-pic option: Line styles extension v.3.10
\xylinethick@=\dimen160
 loaded)
Xy-pic pdf driver: `line' extension support
(/usr/share/texmf/tex/generic/xypic/xypdf-li.tex loaded)
(/usr/share/texmf/tex/generic/xypic/xyrotate.tex
 Xy-pic option: Rotate and Scale extension v.3.8 loaded)
Xy-pic pdf driver: `rotate' extension support
(/usr/share/texmf/tex/generic/xypic/xypdf-ro.tex loaded)
(/usr/share/texmf/tex/generic/xypic/xycolor.tex
 Xy-pic option: Colour extension v.3.11 loaded)
Xy-pic pdf driver: `color' extension support
(/usr/share/texmf/tex/generic/xypic/xypdf-co.tex loaded)
(/usr/share/texmf/tex/generic/xypic/xygraph.tex
 Xy-pic option: Graph feature v.3.11 loaded) loaded))
(/usr/share/texmf/tex/latex/graphics/color.sty
Package: color 2005/11/14 v1.0j Standard LaTeX Color (DPC)

(/usr/share/texmf/tex/latex/latexconfig/color.cfg
File: color.cfg 2007/01/18 v1.5 color configuration of teTeX/TeXLive
)
Package color Info: Driver file: pdftex.def on input line 130.

(/usr/share/texmf/tex/latex/pdftex-def/pdftex.def
File: pdftex.def 2011/05/27 v0.06d Graphics/color for pdfTeX

(/usr/share/texmf/tex/generic/oberdiek/infwarerr.sty
Package: infwarerr 2010/04/08 v1.3 Providing info/warning/error messages (HO)
)
(/usr/share/texmf/tex/generic/oberdiek/ltxcmds.sty
Package: ltxcmds 2011/11/09 v1.22 LaTeX kernel commands for general use (HO)
)
\Gread@gobject=\count120
))
(/usr/share/texmf/tex/latex/pgf/frontendlayer/tikz.sty
(/usr/share/texmf/tex/latex/pgf/basiclayer/pgf.sty
(/usr/share/texmf/tex/latex/pgf/utilities/pgfrcs.sty
(/usr/share/texmf/tex/generic/pgf/utilities/pgfutil-common.tex
\pgfutil@everybye=\toks34
)
(/usr/share/texmf/tex/generic/pgf/utilities/pgfutil-latex.def
\pgfutil@abb=\box58

(/usr/share/texmf/tex/latex/ms/everyshi.sty
Package: everyshi 2001/05/15 v3.00 EveryShipout Package (MS)
))
(/usr/share/texmf/tex/generic/pgf/utilities/pgfrcs.code.tex
Package: pgfrcs 2010/10/25 v2.10 (rcs-revision 1.24)
))
Package: pgf 2008/01/15 v2.10 (rcs-revision 1.12)

(/usr/share/texmf/tex/latex/pgf/basiclayer/pgfcore.sty
(/usr/share/texmf/tex/latex/graphics/graphicx.sty
Package: graphicx 1999/02/16 v1.0f Enhanced LaTeX Graphics (DPC,SPQR)

(/usr/share/texmf/tex/latex/graphics/keyval.sty
Package: keyval 1999/03/16 v1.13 key=value parser (DPC)
\KV@toks@=\toks35
)
(/usr/share/texmf/tex/latex/graphics/graphics.sty
Package: graphics 2009/02/05 v1.0o Standard LaTeX Graphics (DPC,SPQR)

(/usr/share/texmf/tex/latex/graphics/trig.sty
Package: trig 1999/03/16 v1.09 sin cos tan (DPC)
)
(/usr/share/texmf/tex/latex/latexconfig/graphics.cfg
File: graphics.cfg 2010/04/23 v1.9 graphics configuration of TeX Live
)
Package graphics Info: Driver file: pdftex.def on input line 91.
)
\Gin@req@height=\dimen161
\Gin@req@width=\dimen162
)
(/usr/share/texmf/tex/latex/pgf/systemlayer/pgfsys.sty
(/usr/share/texmf/tex/generic/pgf/systemlayer/pgfsys.code.tex
Package: pgfsys 2010/06/30 v2.10 (rcs-revision 1.37)

(/usr/share/texmf/tex/generic/pgf/utilities/pgfkeys.code.tex
\pgfkeys@pathtoks=\toks36
\pgfkeys@temptoks=\toks37

(/usr/share/texmf/tex/generic/pgf/utilities/pgfkeysfiltered.code.tex
\pgfkeys@tmptoks=\toks38
))
\pgf@x=\dimen163
\pgf@y=\dimen164
\pgf@xa=\dimen165
\pgf@ya=\dimen166
\pgf@xb=\dimen167
\pgf@yb=\dimen168
\pgf@xc=\dimen169
\pgf@yc=\dimen170
\w@pgf@writea=\write4
\r@pgf@reada=\read2
\c@pgf@counta=\count121
\c@pgf@countb=\count122
\c@pgf@countc=\count123
\c@pgf@countd=\count124

(/usr/share/texmf/tex/generic/pgf/systemlayer/pgf.cfg
File: pgf.cfg 2008/05/14  (rcs-revision 1.7)
)
Package pgfsys Info: Driver file for pgf: pgfsys-pdftex.def on input line 900.

(/usr/share/texmf/tex/generic/pgf/systemlayer/pgfsys-pdftex.def
File: pgfsys-pdftex.def 2009/05/22  (rcs-revision 1.26)

(/usr/share/texmf/tex/generic/pgf/systemlayer/pgfsys-common-pdf.def
File: pgfsys-common-pdf.def 2008/05/19  (rcs-revision 1.10)
)))
(/usr/share/texmf/tex/generic/pgf/systemlayer/pgfsyssoftpath.code.tex
File: pgfsyssoftpath.code.tex 2008/07/18  (rcs-revision 1.7)
\pgfsyssoftpath@smallbuffer@items=\count125
\pgfsyssoftpath@bigbuffer@items=\count126
)
(/usr/share/texmf/tex/generic/pgf/systemlayer/pgfsysprotocol.code.tex
File: pgfsysprotocol.code.tex 2006/10/16  (rcs-revision 1.4)
))
(/usr/share/texmf/tex/latex/xcolor/xcolor.sty
Package: xcolor 2007/01/21 v2.11 LaTeX color extensions (UK)

(/usr/share/texmf/tex/latex/latexconfig/color.cfg
File: color.cfg 2007/01/18 v1.5 color configuration of teTeX/TeXLive
)
Package xcolor Info: Driver file: pdftex.def on input line 225.
LaTeX Info: Redefining \color on input line 702.
Package xcolor Info: Model `cmy' substituted by `cmy0' on input line 1337.
Package xcolor Info: Model `hsb' substituted by `rgb' on input line 1341.
Package xcolor Info: Model `RGB' extended on input line 1353.
Package xcolor Info: Model `HTML' substituted by `rgb' on input line 1355.
Package xcolor Info: Model `Hsb' substituted by `hsb' on input line 1356.
Package xcolor Info: Model `tHsb' substituted by `hsb' on input line 1357.
Package xcolor Info: Model `HSB' substituted by `hsb' on input line 1358.
Package xcolor Info: Model `Gray' substituted by `gray' on input line 1359.
Package xcolor Info: Model `wave' substituted by `hsb' on input line 1360.
)
(/usr/share/texmf/tex/generic/pgf/basiclayer/pgfcore.code.tex
Package: pgfcore 2010/04/11 v2.10 (rcs-revision 1.7)

(/usr/share/texmf/tex/generic/pgf/math/pgfmath.code.tex
(/usr/share/texmf/tex/generic/pgf/math/pgfmathcalc.code.tex
(/usr/share/texmf/tex/generic/pgf/math/pgfmathutil.code.tex)
(/usr/share/texmf/tex/generic/pgf/math/pgfmathparser.code.tex
\pgfmath@dimen=\dimen171
\pgfmath@count=\count127
\pgfmath@box=\box59
\pgfmath@toks=\toks39
\pgfmath@stack@operand=\toks40
\pgfmath@stack@operation=\toks41
)
(/usr/share/texmf/tex/generic/pgf/math/pgfmathfunctions.code.tex
(/usr/share/texmf/tex/generic/pgf/math/pgfmathfunctions.basic.code.tex)
(/usr/share/texmf/tex/generic/pgf/math/pgfmathfunctions.trigonometric.code.tex)
(/usr/share/texmf/tex/generic/pgf/math/pgfmathfunctions.random.code.tex)
(/usr/share/texmf/tex/generic/pgf/math/pgfmathfunctions.comparison.code.tex)
(/usr/share/texmf/tex/generic/pgf/math/pgfmathfunctions.base.code.tex)
(/usr/share/texmf/tex/generic/pgf/math/pgfmathfunctions.round.code.tex)
(/usr/share/texmf/tex/generic/pgf/math/pgfmathfunctions.misc.code.tex)))
(/usr/share/texmf/tex/generic/pgf/math/pgfmathfloat.code.tex
\c@pgfmathroundto@lastzeros=\count128
))
(/usr/share/texmf/tex/generic/pgf/basiclayer/pgfcorepoints.code.tex
File: pgfcorepoints.code.tex 2010/04/09  (rcs-revision 1.20)
\pgf@picminx=\dimen172
\pgf@picmaxx=\dimen173
\pgf@picminy=\dimen174
\pgf@picmaxy=\dimen175
\pgf@pathminx=\dimen176
\pgf@pathmaxx=\dimen177
\pgf@pathminy=\dimen178
\pgf@pathmaxy=\dimen179
\pgf@xx=\dimen180
\pgf@xy=\dimen181
\pgf@yx=\dimen182
\pgf@yy=\dimen183
\pgf@zx=\dimen184
\pgf@zy=\dimen185
)
(/usr/share/texmf/tex/generic/pgf/basiclayer/pgfcorepathconstruct.code.tex
File: pgfcorepathconstruct.code.tex 2010/08/03  (rcs-revision 1.24)
\pgf@path@lastx=\dimen186
\pgf@path@lasty=\dimen187
)
(/usr/share/texmf/tex/generic/pgf/basiclayer/pgfcorepathusage.code.tex
File: pgfcorepathusage.code.tex 2008/04/22  (rcs-revision 1.12)
\pgf@shorten@end@additional=\dimen188
\pgf@shorten@start@additional=\dimen189
)
(/usr/share/texmf/tex/generic/pgf/basiclayer/pgfcorescopes.code.tex
File: pgfcorescopes.code.tex 2010/09/08  (rcs-revision 1.34)
\pgfpic=\box60
\pgf@hbox=\box61
\pgf@layerbox@main=\box62
\pgf@picture@serial@count=\count129
)
(/usr/share/texmf/tex/generic/pgf/basiclayer/pgfcoregraphicstate.code.tex
File: pgfcoregraphicstate.code.tex 2008/04/22  (rcs-revision 1.9)
\pgflinewidth=\dimen190
)
(/usr/share/texmf/tex/generic/pgf/basiclayer/pgfcoretransformations.code.tex
File: pgfcoretransformations.code.tex 2009/06/10  (rcs-revision 1.11)
\pgf@pt@x=\dimen191
\pgf@pt@y=\dimen192
\pgf@pt@temp=\dimen193
)
(/usr/share/texmf/tex/generic/pgf/basiclayer/pgfcorequick.code.tex
File: pgfcorequick.code.tex 2008/10/09  (rcs-revision 1.3)
)
(/usr/share/texmf/tex/generic/pgf/basiclayer/pgfcoreobjects.code.tex
File: pgfcoreobjects.code.tex 2006/10/11  (rcs-revision 1.2)
)
(/usr/share/texmf/tex/generic/pgf/basiclayer/pgfcorepathprocessing.code.tex
File: pgfcorepathprocessing.code.tex 2008/10/09  (rcs-revision 1.8)
)
(/usr/share/texmf/tex/generic/pgf/basiclayer/pgfcorearrows.code.tex
File: pgfcorearrows.code.tex 2008/04/23  (rcs-revision 1.11)
)
(/usr/share/texmf/tex/generic/pgf/basiclayer/pgfcoreshade.code.tex
File: pgfcoreshade.code.tex 2008/11/23  (rcs-revision 1.13)
\pgf@max=\dimen194
\pgf@sys@shading@range@num=\count130
)
(/usr/share/texmf/tex/generic/pgf/basiclayer/pgfcoreimage.code.tex
File: pgfcoreimage.code.tex 2010/03/25  (rcs-revision 1.16)

(/usr/share/texmf/tex/generic/pgf/basiclayer/pgfcoreexternal.code.tex
File: pgfcoreexternal.code.tex 2010/09/01  (rcs-revision 1.17)
\pgfexternal@startupbox=\box63
))
(/usr/share/texmf/tex/generic/pgf/basiclayer/pgfcorelayers.code.tex
File: pgfcorelayers.code.tex 2010/08/27  (rcs-revision 1.2)
)
(/usr/share/texmf/tex/generic/pgf/basiclayer/pgfcoretransparency.code.tex
File: pgfcoretransparency.code.tex 2008/01/17  (rcs-revision 1.2)
)
(/usr/share/texmf/tex/generic/pgf/basiclayer/pgfcorepatterns.code.tex
File: pgfcorepatterns.code.tex 2009/07/02  (rcs-revision 1.3)
)))
(/usr/share/texmf/tex/generic/pgf/modules/pgfmoduleshapes.code.tex
File: pgfmoduleshapes.code.tex 2010/09/09  (rcs-revision 1.13)
\pgfnodeparttextbox=\box64
)
(/usr/share/texmf/tex/generic/pgf/modules/pgfmoduleplot.code.tex
File: pgfmoduleplot.code.tex 2010/10/22  (rcs-revision 1.8)
)
(/usr/share/texmf/tex/latex/pgf/compatibility/pgfcomp-version-0-65.sty
Package: pgfcomp-version-0-65 2007/07/03 v2.10 (rcs-revision 1.7)
\pgf@nodesepstart=\dimen195
\pgf@nodesepend=\dimen196
)
(/usr/share/texmf/tex/latex/pgf/compatibility/pgfcomp-version-1-18.sty
Package: pgfcomp-version-1-18 2007/07/23 v2.10 (rcs-revision 1.1)
))
(/usr/share/texmf/tex/latex/pgf/utilities/pgffor.sty
(/usr/share/texmf/tex/latex/pgf/utilities/pgfkeys.sty
(/usr/share/texmf/tex/generic/pgf/utilities/pgfkeys.code.tex))
(/usr/share/texmf/tex/generic/pgf/utilities/pgffor.code.tex
Package: pgffor 2010/03/23 v2.10 (rcs-revision 1.18)
\pgffor@iter=\dimen197
\pgffor@skip=\dimen198
\pgffor@stack=\toks42
\pgffor@toks=\toks43
))
(/usr/share/texmf/tex/generic/pgf/frontendlayer/tikz/tikz.code.tex
Package: tikz 2010/10/13 v2.10 (rcs-revision 1.76)

(/usr/share/texmf/tex/generic/pgf/libraries/pgflibraryplothandlers.code.tex
File: pgflibraryplothandlers.code.tex 2010/05/31 v2.10 (rcs-revision 1.15)
\pgf@plot@mark@count=\count131
\pgfplotmarksize=\dimen199
)
\tikz@lastx=\dimen200
\tikz@lasty=\dimen201
\tikz@lastxsaved=\dimen202
\tikz@lastysaved=\dimen203
\tikzleveldistance=\dimen204
\tikzsiblingdistance=\dimen205
\tikz@figbox=\box65
\tikz@tempbox=\box66
\tikztreelevel=\count132
\tikznumberofchildren=\count133
\tikznumberofcurrentchild=\count134
\tikz@fig@count=\count135

(/usr/share/texmf/tex/generic/pgf/modules/pgfmodulematrix.code.tex
File: pgfmodulematrix.code.tex 2010/08/24  (rcs-revision 1.4)
\pgfmatrixcurrentrow=\count136
\pgfmatrixcurrentcolumn=\count137
\pgf@matrix@numberofcolumns=\count138
)
\tikz@expandcount=\count139

(/usr/share/texmf/tex/generic/pgf/frontendlayer/tikz/libraries/tikzlibrarytopat
hs.code.tex
File: tikzlibrarytopaths.code.tex 2008/06/17 v2.10 (rcs-revision 1.2)
))) (/usr/share/texmf/tex/latex/tools/indentfirst.sty
Package: indentfirst 1995/11/23 v1.03 Indent first paragraph (DPC)
)
(/usr/share/texmf/tex/latex/base/fontenc.sty
Package: fontenc 2005/09/27 v1.99g Standard LaTeX package

(/usr/share/texmf/tex/latex/base/t1enc.def
File: t1enc.def 2005/09/27 v1.99g Standard LaTeX file
LaTeX Font Info:    Redeclaring font encoding T1 on input line 43.
))
(/usr/share/texmf/tex/latex/psnfss/mathpazo.sty
Package: mathpazo 2005/04/12 PSNFSS-v9.2a Palatino w/ Pazo Math (D.Puga, WaS) 
\symupright=\mathgroup6
)
(/usr/share/texmf/tex/latex/base/inputenc.sty
Package: inputenc 2008/03/30 v1.1d Input encoding file
\inpenc@prehook=\toks44
\inpenc@posthook=\toks45

(/usr/share/texmf/tex/latex/base/latin1.def
File: latin1.def 2008/03/30 v1.1d Input encoding file
))
(/usr/share/texmf/tex/latex/geometry/geometry.sty
Package: geometry 2010/09/12 v5.6 Page Geometry

(/usr/share/texmf/tex/generic/oberdiek/ifvtex.sty
Package: ifvtex 2010/03/01 v1.5 Detect VTeX and its facilities (HO)
Package ifvtex Info: VTeX not detected.
)
(/usr/share/texmf/tex/generic/ifxetex/ifxetex.sty
Package: ifxetex 2010/09/12 v0.6 Provides ifxetex conditional
)
\Gm@cnth=\count140
\Gm@cntv=\count141
\c@Gm@tempcnt=\count142
\Gm@bindingoffset=\dimen206
\Gm@wd@mp=\dimen207
\Gm@odd@mp=\dimen208
\Gm@even@mp=\dimen209
\Gm@layoutwidth=\dimen210
\Gm@layoutheight=\dimen211
\Gm@layouthoffset=\dimen212
\Gm@layoutvoffset=\dimen213
\Gm@dimlist=\toks46
)
\c@defn0=\count143
\c@th1=\count144
\c@th2=\count145

(/usr/share/texmf/tex/latex/fancyhdr/fancyhdr.sty
\fancy@headwidth=\skip51
\f@ncyO@elh=\skip52
\f@ncyO@erh=\skip53
\f@ncyO@olh=\skip54
\f@ncyO@orh=\skip55
\f@ncyO@elf=\skip56
\f@ncyO@erf=\skip57
\f@ncyO@olf=\skip58
\f@ncyO@orf=\skip59
) (./macrosTFGAngles.aux)
\openout1 = `macrosTFGAngles.aux'.

LaTeX Font Info:    Checking defaults for OML/cmm/m/it on input line 182.
LaTeX Font Info:    ... okay on input line 182.
LaTeX Font Info:    Checking defaults for T1/cmr/m/n on input line 182.
LaTeX Font Info:    ... okay on input line 182.
LaTeX Font Info:    Checking defaults for OT1/cmr/m/n on input line 182.
LaTeX Font Info:    ... okay on input line 182.
LaTeX Font Info:    Checking defaults for OMS/cmsy/m/n on input line 182.
LaTeX Font Info:    ... okay on input line 182.
LaTeX Font Info:    Checking defaults for OMX/cmex/m/n on input line 182.
LaTeX Font Info:    ... okay on input line 182.
LaTeX Font Info:    Checking defaults for U/cmr/m/n on input line 182.
LaTeX Font Info:    ... okay on input line 182.
LaTeX Font Info:    Try loading font information for T1+pplx on input line 182.


(/usr/share/texmf/tex/latex/psnfss/t1pplx.fd
File: t1pplx.fd 2004/09/06 font definitions for T1/pplx.
)
LaTeX Font Info:    Try loading font information for OT1+pplx on input line 182
.

(/usr/share/texmf/tex/latex/psnfss/ot1pplx.fd
File: ot1pplx.fd 2004/09/06 font definitions for OT1/pplx.
)
LaTeX Font Info:    Try loading font information for OML+zplm on input line 182
.

(/usr/share/texmf/tex/latex/psnfss/omlzplm.fd
File: omlzplm.fd 2002/09/08 Fontinst v1.914 font definitions for OML/zplm.
)
LaTeX Font Info:    Try loading font information for OMS+zplm on input line 182
.

(/usr/share/texmf/tex/latex/psnfss/omszplm.fd
File: omszplm.fd 2002/09/08 Fontinst v1.914 font definitions for OMS/zplm.
)
LaTeX Font Info:    Try loading font information for OMX+zplm on input line 182
.

(/usr/share/texmf/tex/latex/psnfss/omxzplm.fd
File: omxzplm.fd 2002/09/08 Fontinst v1.914 font definitions for OMX/zplm.
)
LaTeX Font Info:    Try loading font information for U+msa on input line 182.

(/usr/share/texmf/tex/latex/amsfonts/umsa.fd
File: umsa.fd 2013/01/14 v3.01 AMS symbols A
)
LaTeX Font Info:    Try loading font information for U+msb on input line 182.

(/usr/share/texmf/tex/latex/amsfonts/umsb.fd
File: umsb.fd 2013/01/14 v3.01 AMS symbols B
)
LaTeX Font Info:    Try loading font information for OT1+zplm on input line 182
.

(/usr/share/texmf/tex/latex/psnfss/ot1zplm.fd
File: ot1zplm.fd 2002/09/08 Fontinst v1.914 font definitions for OT1/zplm.
)
Package xypdf Info: Line width: 0.4pt on input line 182.
LaTeX Info: Redefining \l on input line 182.
LaTeX Info: Redefining \L on input line 182.

(/usr/share/texmf/tex/context/base/supp-pdf.mkii
[Loading MPS to PDF converter (version 2006.09.02).]
\scratchcounter=\count146
\scratchdimen=\dimen214
\scratchbox=\box67
\nofMPsegments=\count147
\nofMParguments=\count148
\everyMPshowfont=\toks47
\MPscratchCnt=\count149
\MPscratchDim=\dimen215
\MPnumerator=\count150
\makeMPintoPDFobject=\count151
\everyMPtoPDFconversion=\toks48
) ABD: EveryShipout initializing macros
(/usr/share/texmf/tex/generic/oberdiek/pdftexcmds.sty
Package: pdftexcmds 2011/11/29 v0.20 Utility functions of pdfTeX for LuaTeX (HO
)

(/usr/share/texmf/tex/generic/oberdiek/ifluatex.sty
Package: ifluatex 2010/03/01 v1.3 Provides the ifluatex switch (HO)
Package ifluatex Info: LuaTeX not detected.
)
Package pdftexcmds Info: LuaTeX not detected.
Package pdftexcmds Info: \pdf@primitive is available.
Package pdftexcmds Info: \pdf@ifprimitive is available.
Package pdftexcmds Info: \pdfdraftmode found.
)
(/usr/share/texmf/tex/latex/oberdiek/epstopdf-base.sty
Package: epstopdf-base 2010/02/09 v2.5 Base part for package epstopdf

(/usr/share/texmf/tex/latex/oberdiek/grfext.sty
Package: grfext 2010/08/19 v1.1 Manage graphics extensions (HO)

(/usr/share/texmf/tex/generic/oberdiek/kvdefinekeys.sty
Package: kvdefinekeys 2011/04/07 v1.3 Define keys (HO)
))
(/usr/share/texmf/tex/latex/oberdiek/kvoptions.sty
Package: kvoptions 2011/06/30 v3.11 Key value format for package options (HO)

(/usr/share/texmf/tex/generic/oberdiek/kvsetkeys.sty
Package: kvsetkeys 2012/04/25 v1.16 Key value parser (HO)

(/usr/share/texmf/tex/generic/oberdiek/etexcmds.sty
Package: etexcmds 2011/02/16 v1.5 Avoid name clashes with e-TeX commands (HO)
Package etexcmds Info: Could not find \expanded.
(etexcmds)             That can mean that you are not using pdfTeX 1.50 or
(etexcmds)             that some package has redefined \expanded.
(etexcmds)             In the latter case, load this package earlier.
)))
Package grfext Info: Graphics extension search list:
(grfext)             [.png,.pdf,.jpg,.mps,.jpeg,.jbig2,.jb2,.PNG,.PDF,.JPG,.JPE
G,.JBIG2,.JB2,.eps]
(grfext)             \AppendGraphicsExtensions on input line 452.

(/usr/share/texmf/tex/latex/latexconfig/epstopdf-sys.cfg
File: epstopdf-sys.cfg 2010/07/13 v1.3 Configuration of (r)epstopdf for TeX Liv
e
))
*geometry* driver: auto-detecting
*geometry* detected driver: pdftex
*geometry* verbose mode - [ preamble ] result:
* driver: pdftex
* paper: a4paper
* layout: <same size as paper>
* layoutoffset:(h,v)=(0.0pt,0.0pt)
* bindingoffset: 28.45274pt
* modes: twoside 
* h-part:(L,W,R)=(68.2873pt, 398.33685pt, 102.43098pt)
* v-part:(T,H,B)=(101.40665pt, 591.5302pt, 152.11pt)
* \paperwidth=597.50787pt
* \paperheight=845.04684pt
* \textwidth=398.33685pt
* \textheight=591.5302pt
* \oddsidemargin=24.47005pt
* \evensidemargin=30.161pt
* \topmargin=-0.93083pt
* \headheight=12.0pt
* \headsep=18.06749pt
* \topskip=10.0pt
* \footskip=25.29494pt
* \marginparwidth=115.0pt
* \marginparsep=2.84526pt
* \columnsep=10.0pt
* \skip\footins=9.0pt plus 4.0pt minus 2.0pt
* \hoffset=0.0pt
* \voffset=0.0pt
* \mag=1000
* \@twocolumnfalse
* \@twosidetrue
* \@mparswitchtrue
* \@reversemarginfalse
* (1in=72.27pt=25.4mm, 1cm=28.453pt)

<ub_color.pdf, id=4, 944.92023pt x 284.52296pt>
File: ub_color.pdf Graphic file (type pdf)
 <use ub_color.pdf>
Package pdftex.def Info: ub_color.pdf used on input line 190.
(pdftex.def)             Requested size: 170.71652pt x 51.40294pt.
LaTeX Font Info:    Font shape `T1/pplx/bx/n' in size <10> not available
(Font)              Font shape `T1/pplx/b/n' tried instead on input line 194.
LaTeX Font Info:    Font shape `T1/pplx/bx/n' in size <17.28> not available
(Font)              Font shape `T1/pplx/b/n' tried instead on input line 194.

Overfull \hbox (56.90723pt too wide) in paragraph at lines 200--200
 [][] 
 []

LaTeX Font Info:    Font shape `T1/pplx/bx/n' in size <24.88> not available
(Font)              Font shape `T1/pplx/b/n' tried instead on input line 202.

Overfull \hbox (56.90723pt too wide) in paragraph at lines 204--204
 [][] 
 []

LaTeX Font Info:    Font shape `T1/pplx/bx/n' in size <14.4> not available
(Font)              Font shape `T1/pplx/b/n' tried instead on input line 215.
[1


{/usr/share/texmf/fonts/map/pdftex/updmap/pdftex.map} <./ub_color.pdf>]
[0

] (./macrosTFGAngles.toc)
\tf@toc=\write5
\openout5 = `macrosTFGAngles.toc'.

 [1] [2]
Chapter 1.
LaTeX Font Info:    Font shape `T1/pplx/bx/n' in size <20.74> not available
(Font)              Font shape `T1/pplx/b/n' tried instead on input line 255.
LaTeX Font Info:    Try loading font information for U+fplmbb on input line 258
.
(/usr/share/texmf/tex/latex/psnfss/ufplmbb.fd
File: ufplmbb.fd 2003/10/30 Fontinst v1.914 font definitions for U/fplmbb.
) [1


] [2]
Chapter 2.
[3

] [4

] [5

] (./macrosTFGAngles.aux) ) 
Here is how much of TeX's memory you used:
 15403 strings out of 493315
 251156 string characters out of 6145892
 363776 words of memory out of 5000000
 18441 multiletter control sequences out of 15000+600000
 39186 words of font info for 85 fonts, out of 8000000 for 9000
 957 hyphenation exceptions out of 8191
 56i,11n,55p,3242b,338s stack positions out of 5000i,500n,10000p,200000b,80000s
{/usr/share/texmf/fonts/enc/dvips/base/8r.enc}</usr/
share/texmf/fonts/type1/public/amsfonts/cm/cmex10.pfb></usr/share/texmf/fonts/t
ype1/public/amsfonts/cm/cmr10.pfb></usr/share/texmf/fonts/type1/public/amsfonts
/cm/cmsy10.pfb></usr/share/texmf/fonts/type1/public/mathpazo/fplmbb.pfb></usr/s
hare/texmf/fonts/type1/public/mathpazo/fplmr.pfb></usr/share/texmf/fonts/type1/
public/mathpazo/fplmri.pfb></usr/share/texmf/fonts/type1/urw/palatino/uplb8a.pf
b></usr/share/texmf/fonts/type1/urw/palatino/uplr8a.pfb></usr/share/texmf/fonts
/type1/urw/palatino/uplri8a.pfb>
Output written on macrosTFGAngles.pdf (9 pages, 1150063 bytes).
PDF statistics:
 167 PDF objects out of 1000 (max. 8388607)
 83 compressed objects within 1 object stream
 0 named destinations out of 1000 (max. 500000)
 18 words of extra memory for PDF output out of 10000 (max. 10000000)

